Determining if the pthread_create exist failed with the following output:
Change Dir: /home/michael/New Folder/vtkC/CMakeFiles/CMakeTmp

Run Build Command:"/usr/bin/make" "cmTC_881d3/fast"
/usr/bin/make -f CMakeFiles/cmTC_881d3.dir/build.make CMakeFiles/cmTC_881d3.dir/build
make[1]: Entering directory '/home/michael/New Folder/vtkC/CMakeFiles/CMakeTmp'
Building C object CMakeFiles/cmTC_881d3.dir/CheckSymbolExists.c.o
/usr/bin/cc    -o CMakeFiles/cmTC_881d3.dir/CheckSymbolExists.c.o   -c "/home/michael/New Folder/vtkC/CMakeFiles/CMakeTmp/CheckSymbolExists.c"
Linking C executable cmTC_881d3
/usr/bin/cmake -E cmake_link_script CMakeFiles/cmTC_881d3.dir/link.txt --verbose=1
/usr/bin/cc      CMakeFiles/cmTC_881d3.dir/CheckSymbolExists.c.o  -o cmTC_881d3 
CMakeFiles/cmTC_881d3.dir/CheckSymbolExists.c.o: In function `main':
CheckSymbolExists.c:(.text+0x1b): undefined reference to `pthread_create'
collect2: error: ld returned 1 exit status
CMakeFiles/cmTC_881d3.dir/build.make:97: recipe for target 'cmTC_881d3' failed
make[1]: *** [cmTC_881d3] Error 1
make[1]: Leaving directory '/home/michael/New Folder/vtkC/CMakeFiles/CMakeTmp'
Makefile:126: recipe for target 'cmTC_881d3/fast' failed
make: *** [cmTC_881d3/fast] Error 2

File /home/michael/New Folder/vtkC/CMakeFiles/CMakeTmp/CheckSymbolExists.c:
/* */
#include <pthread.h>

int main(int argc, char** argv)
{
  (void)argv;
#ifndef pthread_create
  return ((int*)(&pthread_create))[argc];
#else
  (void)argc;
  return 0;
#endif
}

Determining if the function pthread_create exists in the pthreads failed with the following output:
Change Dir: /home/michael/New Folder/vtkC/CMakeFiles/CMakeTmp

Run Build Command:"/usr/bin/make" "cmTC_1e8c0/fast"
/usr/bin/make -f CMakeFiles/cmTC_1e8c0.dir/build.make CMakeFiles/cmTC_1e8c0.dir/build
make[1]: Entering directory '/home/michael/New Folder/vtkC/CMakeFiles/CMakeTmp'
Building C object CMakeFiles/cmTC_1e8c0.dir/CheckFunctionExists.c.o
/usr/bin/cc   -DCHECK_FUNCTION_EXISTS=pthread_create   -o CMakeFiles/cmTC_1e8c0.dir/CheckFunctionExists.c.o   -c /usr/share/cmake-3.10/Modules/CheckFunctionExists.c
Linking C executable cmTC_1e8c0
/usr/bin/cmake -E cmake_link_script CMakeFiles/cmTC_1e8c0.dir/link.txt --verbose=1
/usr/bin/cc  -DCHECK_FUNCTION_EXISTS=pthread_create    CMakeFiles/cmTC_1e8c0.dir/CheckFunctionExists.c.o  -o cmTC_1e8c0 -lpthreads 
/usr/bin/ld: cannot find -lpthreads
collect2: error: ld returned 1 exit status
CMakeFiles/cmTC_1e8c0.dir/build.make:97: recipe for target 'cmTC_1e8c0' failed
make[1]: *** [cmTC_1e8c0] Error 1
make[1]: Leaving directory '/home/michael/New Folder/vtkC/CMakeFiles/CMakeTmp'
Makefile:126: recipe for target 'cmTC_1e8c0/fast' failed
make: *** [cmTC_1e8c0/fast] Error 2


